<?xml version="1.0" encoding="UTF-8"?>
<!-- Generated by org.testng.reporters.JUnitReportReporter -->
<testsuite hostname="DESKTOP-9JSNGEG" failures="0" tests="1" name="tn.TestNG.Assertions" time="3.695" errors="0" timestamp="2023-10-11T12:48:38 IST" skipped="0">
  <testcase classname="tn.TestNG.Assertions" name="Assert" time="3.695"/>
</testsuite> <!-- tn.TestNG.Assertions -->
