<?xml version="1.0" encoding="UTF-8"?>
<!-- Generated by org.testng.reporters.JUnitReportReporter -->
<testsuite hostname="DESKTOP-9JSNGEG" failures="0" tests="2" name="project1.Demo1" time="0.013" errors="0" timestamp="2023-10-10T18:29:36 IST" skipped="0">
  <testcase classname="project1.Demo1" name="SampleOne" time="0.011"/>
  <testcase classname="project1.Demo1" name="SampleTwo" time="0.002"/>
</testsuite> <!-- project1.Demo1 -->
