<?xml version="1.0" encoding="UTF-8"?>
<!-- Generated by org.testng.reporters.JUnitReportReporter -->
<testsuite hostname="DESKTOP-9JSNGEG" failures="0" tests="2" name="com.tutorialsninja.tests.Login" time="8.266" errors="0" timestamp="2023-10-09T07:36:45 IST" skipped="0">
  <testcase classname="com.tutorialsninja.tests.Login" name="VerifyLoginWithValidCredentials" time="4.930"/>
  <testcase classname="com.tutorialsninja.tests.Login" name="VerifyLoginWithInvalidCredentials" time="3.336"/>
</testsuite> <!-- com.tutorialsninja.tests.Login -->
